****                   ADMIXTURE Version 1.3.0                  ****
****                    Copyright 2008-2015                     ****
****           David Alexander, Suyash Shringarpure,            ****
****                John  Novembre, Ken Lange                   ****
****                                                            ****
****                 Please cite our paper!                     ****
****   Information at www.genetics.ucla.edu/software/admixture  ****

Cross-validation will be performed.  Folds=10.
Random seed: 43
Point estimation method: Block relaxation algorithm
Convergence acceleration algorithm: QuasiNewton, 3 secant conditions
Point estimation will terminate when objective function delta < 0.0001
Estimation of standard errors disabled; will compute point estimates only.
Size of G: 60x7955
Performing five EM steps to prime main algorithm
1 (EM) 	Elapsed: 0.027	Loglikelihood: -213727	(delta): 497902
2 (EM) 	Elapsed: 0.014	Loglikelihood: -206133	(delta): 7594.11
3 (EM) 	Elapsed: 0.009	Loglikelihood: -204191	(delta): 1941.37
4 (EM) 	Elapsed: 0.008	Loglikelihood: -203235	(delta): 956.968
5 (EM) 	Elapsed: 0.009	Loglikelihood: -202729	(delta): 505.239
Initial loglikelihood: -202729
Starting main algorithm
1 (QN/Block) 	Elapsed: 0.024	Loglikelihood: -199210	(delta): 3519.04
2 (QN/Block) 	Elapsed: 0.024	Loglikelihood: -196111	(delta): 3098.85
3 (QN/Block) 	Elapsed: 0.034	Loglikelihood: -194132	(delta): 1979.18
4 (QN/Block) 	Elapsed: 0.03	Loglikelihood: -193526	(delta): 605.875
5 (QN/Block) 	Elapsed: 0.032	Loglikelihood: -193165	(delta): 361.077
6 (QN/Block) 	Elapsed: 0.032	Loglikelihood: -193035	(delta): 130.405
7 (QN/Block) 	Elapsed: 0.03	Loglikelihood: -192959	(delta): 75.8324
8 (QN/Block) 	Elapsed: 0.03	Loglikelihood: -192890	(delta): 69.149
9 (QN/Block) 	Elapsed: 0.03	Loglikelihood: -192870	(delta): 19.7312
10 (QN/Block) 	Elapsed: 0.03	Loglikelihood: -192864	(delta): 6.14939
11 (QN/Block) 	Elapsed: 0.03	Loglikelihood: -192863	(delta): 0.887192
12 (QN/Block) 	Elapsed: 0.032	Loglikelihood: -192863	(delta): 0.355124
13 (QN/Block) 	Elapsed: 0.03	Loglikelihood: -192863	(delta): 0.0289948
14 (QN/Block) 	Elapsed: 0.03	Loglikelihood: -192863	(delta): 0.00821981
15 (QN/Block) 	Elapsed: 0.03	Loglikelihood: -192863	(delta): 0.00142457
16 (QN/Block) 	Elapsed: 0.03	Loglikelihood: -192863	(delta): 3.30402e-05
Summary: 
Converged in 16 iterations (0.615 sec)
Loglikelihood: -192862.721350
Fst divergences between estimated populations: 
	Pop0	
Pop0	
Pop1	0.118	
CV error (K=2): 0.38017
Writing output files.
